<?xml version="1.0" encoding="UTF-8"?>
<testsuite xmlns:xsi="http://www.w3.org/2001/XMLSchema-instance" xsi:noNamespaceSchemaLocation="https://maven.apache.org/surefire/maven-surefire-plugin/xsd/surefire-test-report.xsd" name="site.imcu.mapper.WeiboVoMapperTest" time="3.2" tests="1" errors="1" skipped="0" failures="0">
  <properties>
[...]
</properties>
  <testcase name="queryFollowIds" classname="site.imcu.mapper.WeiboVoMapperTest" time="1.369">
    <error message="Index: 0, Size: 0" type="java.lang.IndexOutOfBoundsException">java.lang.IndexOutOfBoundsException: Index: 0, Size: 0
	at site.imcu.mapper.WeiboVoMapperTest.queryFollowIds(WeiboVoMapperTest.java:23)
</error>
    <system-err><![CDATA[六月 09, 2019 7:50:14 下午 org.springframework.test.context.support.DefaultTestContextBootstrapper getDefaultTestExecutionListenerClassNames
信息: Loaded default TestExecutionListener class names from location [META-INF/spring.factories]: [org.springframework.test.context.web.ServletTestExecutionListener, org.springframework.test.context.support.DirtiesContextBeforeModesTestExecutionListener, org.springframework.test.context.support.DependencyInjectionTestExecutionListener, org.springframework.test.context.support.DirtiesContextTestExecutionListener, org.springframework.test.context.transaction.TransactionalTestExecutionListener, org.springframework.test.context.jdbc.SqlScriptsTestExecutionListener]
六月 09, 2019 7:50:14 下午 org.springframework.test.context.support.DefaultTestContextBootstrapper getTestExecutionListeners
信息: Using TestExecutionListeners: [org.springframework.test.context.web.ServletTestExecutionListener@4b952a2d, org.springframework.test.context.support.DirtiesContextBeforeModesTestExecutionListener@3159c4b8, org.springframework.test.context.support.DependencyInjectionTestExecutionListener@73846619, org.springframework.test.context.support.DirtiesContextTestExecutionListener@4bec1f0c, org.springframework.test.context.transaction.TransactionalTestExecutionListener@29ca901e, org.springframework.test.context.jdbc.SqlScriptsTestExecutionListener@5649fd9b]
六月 09, 2019 7:50:14 下午 org.springframework.beans.factory.xml.XmlBeanDefinitionReader loadBeanDefinitions
信息: Loading XML bean definitions from class path resource [applicationContext.xml]
六月 09, 2019 7:50:15 下午 org.springframework.context.support.GenericApplicationContext prepareRefresh
信息: Refreshing org.springframework.context.support.GenericApplicationContext@627551fb: startup date [Sun Jun 09 19:50:15 CST 2019]; root of context hierarchy
]]></system-err>
  </testcase>
</testsuite>